2024-07-06 09:19:52,268 level=INFO user=nisha clustername=ni-cld-new-2 provider=CloudStack project=default-sparkling-unicorn msg=ni-cld-new-2 created 
2024-07-08 06:53:15,126 level=INFO user=nisha clustername=ni-cloud-new provider=CloudStack project=default-sparkling-unicorn msg=ni-cloud-new created 
2024-07-09 06:59:06,928 level=INFO user=nisha clustername=ni-cluster-v9 provider=CloudStack project=default-sparkling-unicorn msg=ni-cluster-v9 created 
2024-07-09 07:03:06,958 level=INFO user=nisha clustername=ni-k8s-cluster provider=Kubernetes project=default-sparkling-unicorn msg=ni-k8s-cluster created 
2024-07-09 07:24:23,116 level=INFO user=nisha clustername=k8s-new-209 provider=Kubernetes project=default-sparkling-unicorn msg=k8s-new-209 created 
2024-07-19 09:54:09,164 level=INFO user=mrankitvish clustername=ankitd16pg provider=CloudStack project=default-creative-garden msg=ankitd16pg created 
2024-07-19 10:22:13,828 level=INFO user=ankitd clustername=ankkuuu provider=CloudStack project=default-vibrant-harmony msg=ankkuuu created 
2024-07-19 10:32:55,766 level=INFO user=ankitd clustername=ankuu-16 provider=CloudStack project=default-vibrant-harmony msg=ankuu-16 created 
2024-07-19 10:38:57,104 level=INFO user=ankitd clustername=barman-test provider=CloudStack project=default-vibrant-harmony msg=barman-test created 
2024-07-20 12:43:47,970 level=INFO user=ankitd clustername=ad provider=CloudStack project=default-creative-garden msg=ad created 
2024-07-20 13:22:20,310 level=INFO user=ankitd clustername=addb provider=CloudStack project=default-creative-garden msg=addb created 
2024-07-20 15:58:40,425 level=INFO user=ankitd clustername=ankud provider=CloudStack project=default-creative-garden msg=ankud created 
2024-07-20 16:52:58,479 level=INFO user=ankitd clustername=anku-db provider=CloudStack project=default-creative-garden msg=anku-db created 
2024-07-21 12:20:09,621 level=INFO user=ankitd clustername=andw provider=CloudStack project=default-creative-garden msg=andw created 
2024-07-22 09:57:51,269 level=INFO user=ankitd clustername=ankitd-demo provider=CloudStack project=default-colorful-garden msg=ankitd-demo created 
2024-07-23 06:41:09,534 level=INFO user=ankitd clustername=ank provider=Kubernetes project=default-colorful-garden msg=ank created 
2024-07-23 06:45:17,988 level=INFO user=ankitd clustername=ankitd provider=Kubernetes project=default-colorful-garden msg=ankitd created 
2024-07-24 06:51:07,953 level=INFO user=ankitd clustername=add provider=CloudStack project=default-colorful-garden msg=add created 
2024-07-24 07:06:32,077 level=INFO user=ankitd clustername=add provider=CloudStack project=default-colorful-garden msg=add created 
2024-07-24 07:41:48,843 level=INFO user=ankitd clustername=dwi provider=CloudStack project=default-colorful-garden msg=dwi created 
2024-07-24 07:53:21,227 level=INFO user=ankitd clustername=ankuu provider=CloudStack project=default-colorful-garden msg=ankuu created 
2024-07-29 07:54:41,160 level=INFO user=ankitd clustername=ankitd-ha-airgap provider=CloudStack project=default-colorful-garden msg=ankitd-ha-airgap created 
2024-08-17 07:32:45,984 level=INFO user=nisha clustername=ni-k8s-creation provider=Kubernetes project=default-colorful-garden msg=ni-k8s-creation created 
2024-08-17 09:05:36,703 level=INFO user=nisha clustername=ni-k8s-bitblast-test provider=Kubernetes project=default-colorful-garden msg=ni-k8s-bitblast-test created 
2024-08-17 09:27:37,406 level=INFO user=nisha clustername=k8s-linux provider=Kubernetes project=default-colorful-garden msg=k8s-linux created 
2024-08-17 09:37:26,799 level=INFO user=nisha clustername=ni-key50-k8s provider=Kubernetes project=default-colorful-garden msg=ni-key50-k8s created 
2024-08-17 09:45:34,011 level=INFO user=nisha clustername=ni-k8s-90-key provider=Kubernetes project=default-colorful-garden msg=ni-k8s-90-key created 
2024-08-17 09:48:50,533 level=INFO user=nisha clustername=ni-k8s-50-cluster provider=Kubernetes project=default-colorful-garden msg=ni-k8s-50-cluster created 
2024-08-17 09:51:53,406 level=INFO user=nisha clustername=ni-k8s-90-cluster provider=Kubernetes project=default-colorful-garden msg=ni-k8s-90-cluster created 
2024-08-19 05:03:00,556 level=INFO user=nisha clustername=ni-cluster-k8s-bitblast provider=Kubernetes project=default-sparkling-harmony msg=ni-cluster-k8s-bitblast created 
2024-08-19 05:05:25,850 level=INFO user=nisha clustername=ni-cluster-k8s-edb provider=Kubernetes project=default-sparkling-harmony msg=ni-cluster-k8s-edb created 
2024-08-21 07:54:14,449 level=INFO user=nisha clustername=ni-k8s-90867 provider=Kubernetes project=default-sparkling-harmony msg=ni-k8s-90867 created 
2024-08-21 10:26:24,152 level=INFO user=nisha clustername=ni-cluster-90 provider=Kubernetes project=default-sparkling-harmony msg=ni-cluster-90 created 
2024-08-21 10:53:26,933 level=INFO user=nisha clustername=preeti-ni-k8s-cluster provider=Kubernetes project=default-sparkling-harmony msg=preeti-ni-k8s-cluster created 
2024-09-02 06:07:35,187 level=INFO user=nisha clustername=ni-today-k8s-02 provider=Kubernetes project=default-sparkling-harmony msg=ni-today-k8s-02 created 
2024-09-02 10:56:47,566 level=INFO user=nisha clustername=ni-k8s-c2 provider=Kubernetes project=default-sparkling-harmony msg=ni-k8s-c2 created 
2024-09-02 11:03:14,493 level=INFO user=nisha clustername=ni-k8s-c3 provider=Kubernetes project=default-sparkling-harmony msg=ni-k8s-c3 created 
2024-09-02 11:09:41,006 level=INFO user=nisha clustername=ni-k8s-c4 provider=Kubernetes project=default-sparkling-harmony msg=ni-k8s-c4 created 
2024-09-02 11:43:04,950 level=INFO user=nisha clustername=ni-k8s-c7 provider=Kubernetes project=default-sparkling-harmony msg=ni-k8s-c7 created 
2024-09-02 11:48:56,104 level=INFO user=nisha clustername=ni-cld-c1 provider=CloudStack project=default-sparkling-harmony msg=ni-cld-c1 created 
2024-09-03 05:22:52,810 level=INFO user=nisha clustername=ni-k8s-a1 provider=Kubernetes project=default-sparkling-harmony msg=ni-k8s-a1 created 
2024-09-03 05:27:53,703 level=INFO user=nisha clustername=ni-k8s-a2 provider=Kubernetes project=default-sparkling-harmony msg=ni-k8s-a2 created 
2024-09-04 07:33:47,857 level=INFO user=nisha clustername=ni-cloudstack-cluster-test provider=CloudStack project=default-sparkling-harmony msg=ni-cloudstack-cluster-test created 
2024-09-04 09:21:07,606 level=INFO user=nisha clustername=ni-k8s-testing provider=Kubernetes project=default-sparkling-harmony msg=ni-k8s-testing created 
2024-09-04 09:43:17,685 level=INFO user=nisha clustername=ni-artifacts1-k8s provider=Kubernetes project=default-sparkling-harmony msg=ni-artifacts1-k8s created 
2024-09-04 09:47:58,869 level=INFO user=nisha clustername=ni-artifacts2-k8s provider=Kubernetes project=default-sparkling-harmony msg=ni-artifacts2-k8s created 
2024-09-04 10:09:45,930 level=INFO user=nisha clustername=ni-k8s-test-90 provider=CloudStack project=default-sparkling-harmony msg=ni-k8s-test-90 created 
2024-09-04 10:12:48,365 level=INFO user=nisha clustername=ni-k8s-1 provider=Kubernetes project=default-sparkling-harmony msg=ni-k8s-1 created 
2024-09-04 10:18:19,024 level=INFO user=nisha clustername=ni-k8s-12 provider=Kubernetes project=default-sparkling-harmony msg=ni-k8s-12 created 
2024-09-04 10:23:23,532 level=INFO user=nisha clustername=ni-cloudstack-test provider=CloudStack project=default-sparkling-harmony msg=ni-cloudstack-test created 
2024-09-05 04:56:40,484 level=INFO user=nisha clustername=ni-k8s-double-test provider=Kubernetes project=default-sparkling-harmony msg=ni-k8s-double-test created 
2024-09-05 06:53:56,126 level=INFO user=nisha clustername=ni-k8s-new-test provider=Kubernetes project=default-sparkling-harmony msg=ni-k8s-new-test created 
2024-09-05 06:59:19,780 level=INFO user=nisha clustername=ni-testing-db-k8s provider=Kubernetes project=default-sparkling-harmony msg=ni-testing-db-k8s created 
2024-09-05 07:13:02,649 level=INFO user=nisha clustername=ni-artifact-test provider=Kubernetes project=default-sparkling-harmony msg=ni-artifact-test created 
2024-09-05 07:15:29,285 level=INFO user=nisha clustername=ni-artifact-test2 provider=Kubernetes project=default-sparkling-harmony msg=ni-artifact-test2 created 
2024-09-05 07:23:20,677 level=INFO user=nisha clustername=ni-cld-test-artifacts provider=CloudStack project=default-sparkling-harmony msg=ni-cld-test-artifacts created 
2024-09-21 12:04:28,725 level=INFO user=nisha clustername=ni-cld-bitblast-pg provider=CloudStack project=default-sparkling-harmony msg=ni-cld-bitblast-pg created 
2024-09-21 12:17:29,385 level=INFO user=nisha clustername=ni-ha-cld-test provider=CloudStack project=default-sparkling-harmony msg=ni-ha-cld-test created 
2024-09-30 07:32:36,505 level=INFO user=nisha clustername=ni-cld-30sep provider=CloudStack project=default-sparkling-harmony msg=ni-cld-30sep created 
2024-10-04 07:23:41,907 level=INFO user=nisha clustername=ni-22-cld provider=CloudStack project=default-sparkling-harmony msg=ni-22-cld created 
2024-10-08 10:05:20,578 level=INFO user=nisha clustername=ni-cld-test-0988 provider=CloudStack project=default-sparkling-harmony msg=ni-cld-test-0988 created 
2024-10-08 10:29:26,492 level=INFO user=nisha clustername=ni-cld provider=CloudStack project=default-sparkling-harmony msg=ni-cld created 
2024-10-08 11:48:58,046 level=INFO user=nisha clustername=ni-ha-cld provider=CloudStack project=default-sparkling-harmony msg=ni-ha-cld created 
2024-10-15 09:41:02,429 level=INFO user=nisha clustername=ni-new-db provider=CloudStack project=default-sparkling-harmony-new msg=ni-new-db created 
2024-10-17 05:38:13,998 level=INFO user=nisha clustername=ni-ha-pg-test provider=CloudStack project=default-sparkling-harmony msg=ni-ha-pg-test created 
2024-10-17 06:04:02,246 level=INFO user=nisha clustername=ni-db-pgtest provider=CloudStack project=default-sparkling-harmony msg=ni-db-pgtest created 
2024-10-17 08:12:08,382 level=INFO user=nisha clustername=ni-db-ha-1 provider=CloudStack project=default-sparkling-harmony msg=ni-db-ha-1 created 
2024-10-18 06:45:25,716 level=INFO user=nisha clustername=ni-pg-1-test provider=CloudStack project=default-sparkling-harmony msg=ni-pg-1-test created 
2024-10-18 09:54:52,939 level=INFO user=nisha clustername=ni-cld-ha-test provider=CloudStack project=default-sparkling-harmony msg=ni-cld-ha-test created 
2024-10-18 10:09:54,659 level=INFO user=nisha clustername=ni-standalone-test-cld provider=CloudStack project=default-sparkling-harmony msg=ni-standalone-test-cld created 2024-10-25 07:00:22,398 level=INFO user=ashish clustername=ashish provider=CloudStack project=default-vibrant-garden msg=ashish created 
2024-10-25 10:03:53,147 level=INFO user=nisha clustername=ni-no-pg1 provider=CloudStack project=default-sparkling-harmony msg=ni-no-pg1 created 
2024-10-25 10:12:25,152 level=INFO user=nisha clustername=ni-yes-pg1 provider=CloudStack project=default-sparkling-harmony msg=ni-yes-pg1 created 
2024-10-25 10:22:52,163 level=INFO user=nisha clustername=ni-yes-pg provider=CloudStack project=default-sparkling-harmony msg=ni-yes-pg created 
2024-10-26 05:30:42,242 level=INFO user=ashish clustername=asdemo provider=CloudStack project=default-vibrant-garden msg=asdemo created 
2024-10-26 05:54:33,831 level=INFO user=ashish clustername=asdemoha provider=CloudStack project=default-vibrant-garden msg=asdemoha created 
2024-10-28 12:12:06,164 level=INFO user=ashish clustername=ashish122 provider=CloudStack project=default-vibrant-garden msg=ashish122 created 
2024-10-28 12:41:26,780 level=INFO user=ashish clustername=assshish provider=CloudStack project=default-vibrant-garden msg=assshish created 
2024-10-29 05:14:49,515 level=INFO user=ashish clustername=haashish provider=CloudStack project=default-vibrant-garden msg=haashish created 
2024-10-29 06:22:25,925 level=INFO user=ashish clustername=gemoha provider=CloudStack project=default-vibrant-garden msg=gemoha created 
2024-10-29 10:12:01,548 level=INFO user=nisha clustername=ni-ha-db-2 provider=CloudStack project=default-sparkling-harmony msg=ni-ha-db-2 created 
2024-10-29 10:28:11,191 level=INFO user=nisha clustername=ni-ha-db-3 provider=CloudStack project=default-sparkling-harmony msg=ni-ha-db-3 created 
2024-10-29 10:45:05,825 level=INFO user=nisha clustername=ni-ha-db-4 provider=CloudStack project=default-sparkling-harmony msg=ni-ha-db-4 created 
2024-10-29 11:09:02,003 level=INFO user=nisha clustername=ni-ha-db-5 provider=CloudStack project=default-sparkling-harmony msg=ni-ha-db-5 created 
2024-10-29 12:22:37,158 level=INFO user=nisha clustername=ni-ha-db-6 provider=CloudStack project=default-sparkling-harmony msg=ni-ha-db-6 created 
2024-10-29 13:18:58,817 level=INFO user=ashish clustername=cld-stk provider=CloudStack project=ashish-test msg=cld-stk created 
2024-10-29 15:54:29,187 level=INFO user=ashish clustername=demohaa provider=CloudStack project=ashish-test msg=demohaa created 
2024-10-30 05:27:11,559 level=INFO user=nisha clustername=ni-time-test-ha provider=CloudStack project=default-sparkling-harmony msg=ni-time-test-ha created 
2024-10-30 07:40:02,277 level=INFO user=nisha clustername=ni-db-standalone provider=CloudStack project=default-sparkling-harmony msg=ni-db-standalone created 
2024-10-30 07:54:00,299 level=INFO user=nisha clustername=ha-db-1 provider=CloudStack project=default-sparkling-harmony msg=ha-db-1 created 
2024-10-30 09:42:35,702 level=INFO user=ashish clustername=ashishstand provider=CloudStack project=ashish-test msg=ashishstand created 
2024-11-05 06:20:40,616 level=INFO user=nisha clustername=ni-new-4-standalone provider=CloudStack project=default-sparkling-harmony msg=ni-new-4-standalone created 
2024-11-05 06:36:02,948 level=INFO user=nisha clustername=ni-ha-db provider=CloudStack project=default-sparkling-harmony msg=ni-ha-db created 
2024-11-05 06:55:50,087 level=INFO user=nisha clustername=ni-k8s provider=Kubernetes project=default-sparkling-harmony msg=ni-k8s created 
2024-11-05 06:59:27,703 level=INFO user=nisha clustername=ni-ha-db-multiple provider=CloudStack project=default-sparkling-harmony msg=ni-ha-db-multiple created 
2024-11-05 09:58:13,472 level=INFO user=nisha clustername=ni-ha-k8s-db provider=Kubernetes project=default-sparkling-harmony msg=ni-ha-k8s-db created 
2024-11-05 10:09:22,782 level=INFO user=nisha clustername=ni-k8s-new provider=Kubernetes project=default-sparkling-harmony msg=ni-k8s-new created 
2024-11-05 11:20:06,361 level=INFO user=nisha clustername=ni-db provider=CloudStack project=default-sparkling-harmony msg=ni-db created 
2024-11-07 01:28:55,114 level=INFO user=ashish clustername=ashishstd provider=CloudStack project=ashish-test msg=ashishstd created 
2024-11-07 01:43:33,573 level=INFO user=ashish clustername=ashish-ha provider=CloudStack project=ashish-test msg=ashish-ha created 
2024-11-07 05:12:48,867 level=INFO user=nisha clustername=ni-new0-9 provider=CloudStack project=default-sparkling-harmony msg=ni-new0-9 created 
2024-11-07 05:28:26,514 level=INFO user=nisha clustername=ni-new099 provider=CloudStack project=default-sparkling-harmony msg=ni-new099 created 
2024-11-07 05:29:49,972 level=INFO user=nisha clustername=ni-ndhjegfh provider=CloudStack project=default-sparkling-harmony msg=ni-ndhjegfh created 
2024-11-07 10:52:59,561 level=INFO user=nisha clustername=ni-new-value-3 provider=CloudStack project=default-sparkling-harmony msg=ni-new-value-3 created 
