2024-10-11 09:56:26,626 level=INFO user=nisha role=Standard msg=logged in 
2024-10-11 09:59:46,493 level=INFO user=nisha role=Standard msg=logged in 
2024-10-11 10:02:18,357 level=INFO user=nisha role=Standard msg=logged in 
2024-10-11 10:09:27,667 level=INFO user=admin role=Admin msg=logged in 
2024-10-11 10:10:38,336 level=INFO user=nisha role=Standard msg=logged in 
2024-10-11 10:47:58,732 level=INFO user=nisha role=Standard msg=logged in 
2024-10-11 11:05:16,677 level=INFO user=admin role=Admin msg=logged in 
2024-10-11 11:18:03,917 level=INFO user=nisha role=Standard msg=logged in 
2024-10-14 06:04:57,829 level=INFO user=nisha role=Standard msg=logged in 
2024-10-14 06:10:32,617 level=INFO user=admin role=Admin msg=logged in 
2024-10-14 06:11:10,867 level=INFO user=ashish role=Standard msg=logged in 
2024-10-14 06:17:19,574 level=INFO user=nisha role=Standard msg=logged in 
2024-10-14 09:58:47,337 level=INFO user=admin role=Admin msg=logged in 
2024-10-14 09:58:57,206 level=INFO user=nisha role=Standard msg=logged in 
2024-10-14 12:04:39,207 level=INFO user=nisha role=Standard msg=logged in 
2024-10-15 04:43:40,250 level=INFO user=nisha role=Standard msg=logged in 
2024-10-15 07:05:15,466 level=INFO user=admin role=Admin msg=logged in 
2024-10-15 07:06:07,870 level=INFO user=nisha role=Standard msg=logged in 
2024-10-15 09:32:40,121 level=INFO user=nisha role=Standard msg=logged in 
2024-10-15 09:52:10,954 level=INFO user=admin role=Admin msg=logged in 
2024-10-15 10:35:49,124 level=INFO user=nisha role=Standard msg=logged in 
2024-10-16 04:51:36,493 level=INFO user=admin role=Admin msg=logged in 
2024-10-16 04:51:54,464 level=INFO user=nisha role=Standard msg=logged in 
2024-10-16 06:47:25,144 level=INFO user=Administrator role=Standard msg=logged in 
2024-10-16 06:47:54,806 level=INFO user=admin role=Admin msg=logged in 
2024-10-16 09:34:22,043 level=INFO user=nisha role=Standard msg=logged in 
2024-10-16 11:13:17,180 level=INFO user=nisha role=Standard msg=logged in 
2024-10-17 04:42:34,983 level=INFO user=nisha role=Standard msg=logged in 
2024-10-17 06:58:23,594 level=INFO user=nisha role=Standard msg=logged in 
2024-10-17 09:19:24,479 level=INFO user=nisha role=Standard msg=logged in 
2024-10-17 09:29:58,250 level=INFO user=admin role=Admin msg=logged in 
2024-10-17 11:27:30,221 level=INFO user=nisha role=Standard msg=logged in 
2024-10-17 11:29:40,619 level=INFO user=admin role=Admin msg=logged in 
2024-10-18 04:47:17,927 level=INFO user=admin role=Admin msg=logged in 
2024-10-18 04:47:43,476 level=INFO user=nisha role=Standard msg=logged in 
2024-10-18 06:58:08,346 level=INFO user=admin role=Admin msg=logged in 
2024-10-18 09:42:29,568 level=INFO user=nisha role=Standard msg=logged in 
2024-10-18 10:59:51,286 level=INFO user=admin role=Admin msg=logged in 
2024-10-19 04:41:14,823 level=INFO user=nisha role=Standard msg=logged in 
2024-10-19 04:41:18,288 level=INFO user=nisha role=Standard msg=logged in 
2024-10-19 04:41:19,417 level=INFO user=nisha role=Standard msg=logged in 
2024-10-19 04:41:39,157 level=INFO user=admin role=Admin msg=logged in 
2024-10-19 11:58:48,340 level=INFO user=nisha role=Standard msg=logged in 
2024-10-22 04:51:02,049 level=INFO user=nisha role=Standard msg=logged in 
2024-10-22 06:34:13,507 level=INFO user=admin role=Admin msg=logged in 
2024-10-22 07:43:18,861 level=INFO user=admin role=Admin msg=logged in 
2024-10-22 09:19:42,881 level=INFO user=admin role=Admin msg=logged in 
2024-10-22 11:02:56,410 level=INFO user=Administrator role=Standard msg=logged in 
2024-10-22 12:17:26,106 level=INFO user=admin role=Admin msg=logged in 
2024-10-22 12:45:12,508 level=INFO user=admin role=Admin msg=logged in 
2024-10-23 04:49:19,978 level=INFO user=nisha role=Standard msg=logged in 
2024-10-23 04:49:44,598 level=INFO user=admin role=Admin msg=logged in 
2024-10-23 04:49:44,889 level=INFO user=admin role=Admin msg=logged in 
2024-10-23 05:02:22,002 level=INFO user=admin role=Admin msg=logged in 
2024-10-23 05:22:17,155 level=INFO user=admin role=Admin msg=logged in 
2024-10-24 07:24:21,787 level=INFO user=admin role=Admin msg=logged in 
2024-10-24 07:24:55,014 level=INFO user=nisha role=Standard msg=logged in 
2024-10-24 07:28:51,474 level=INFO user=admin role=Admin msg=logged in 
2024-10-24 07:29:00,625 level=INFO user=nisha role=Standard msg=logged in 
2024-10-24 09:19:25,177 level=INFO user=nisha role=Standard msg=logged in 
2024-10-24 09:44:16,512 level=INFO user=admin role=Admin msg=logged in 
2024-10-24 09:47:12,944 level=INFO user=admin role=Admin msg=logged in 
2024-10-24 10:07:14,667 level=INFO user=nisha role=Standard msg=logged in 
2024-10-24 11:00:33,659 level=INFO user=admin role=Admin msg=logged in 
2024-10-24 11:02:47,474 level=INFO user=pp role=Standard msg=logged in 
2024-10-24 12:23:53,373 level=INFO user=admin role=Admin msg=logged in 
2024-10-24 12:25:42,988 level=INFO user=pp role=Standard msg=logged in 
2024-10-25 04:39:36,353 level=INFO user=admin role=Admin msg=logged in 
2024-10-25 04:56:43,455 level=INFO user=pp role=Standard msg=logged in 
2024-10-25 05:25:29,277 level=INFO user=nisha role=Standard msg=logged in 
2024-10-25 06:41:44,566 level=INFO user=ashish role=Standard msg=logged in 
2024-10-25 06:41:44,679 level=INFO user=ashish role=Standard msg=logged in 
2024-10-25 06:41:44,686 level=INFO user=ashish role=Standard msg=logged in 
2024-10-25 06:43:38,214 level=INFO user=admin role=Admin msg=logged in 
2024-10-25 06:43:38,409 level=INFO user=admin role=Admin msg=logged in 
2024-10-25 06:43:38,504 level=INFO user=admin role=Admin msg=logged in 
2024-10-25 06:46:53,729 level=INFO user=ashish role=Standard msg=logged in 
2024-10-25 06:46:53,813 level=INFO user=ashish role=Standard msg=logged in 
2024-10-25 06:46:53,815 level=INFO user=ashish role=Standard msg=logged in 
2024-10-25 09:59:09,775 level=INFO user=nisha role=Standard msg=logged in 
2024-10-26 05:17:02,322 level=INFO user=ashish role=Standard msg=logged in 
2024-10-26 05:17:02,546 level=INFO user=ashish role=Standard msg=logged in 
2024-10-26 05:17:02,563 level=INFO user=ashish role=Standard msg=logged in 
2024-10-26 05:25:12,910 level=INFO user=admin role=Admin msg=logged in 
2024-10-26 07:28:02,758 level=INFO user=admin role=Admin msg=logged in 
2024-10-28 11:52:57,273 level=INFO user=ashish role=Standard msg=logged in 
2024-10-28 11:56:24,711 level=INFO user=nisha role=Standard msg=logged in 
2024-10-29 04:54:04,845 level=INFO user=nisha role=Standard msg=logged in 
2024-10-29 05:01:14,711 level=INFO user=ashish role=Standard msg=logged in 
2024-10-29 05:01:14,848 level=INFO user=ashish role=Standard msg=logged in 
2024-10-29 05:01:14,870 level=INFO user=ashish role=Standard msg=logged in 
2024-10-29 07:20:35,831 level=INFO user=ashish role=Standard msg=logged in 
2024-10-29 07:20:35,956 level=INFO user=ashish role=Standard msg=logged in 
2024-10-29 07:20:36,026 level=INFO user=ashish role=Standard msg=logged in 
2024-10-29 09:26:38,834 level=INFO user=nisha role=Standard msg=logged in 
2024-10-29 10:13:57,821 level=INFO user=nisha role=Standard msg=logged in 
2024-10-29 12:33:56,827 level=INFO user=nisha role=Standard msg=logged in 
2024-10-29 13:01:01,346 level=INFO user=ashish role=Standard msg=logged in 
2024-10-29 13:01:01,387 level=INFO user=ashish role=Standard msg=logged in 
2024-10-29 13:01:01,403 level=INFO user=ashish role=Standard msg=logged in 
2024-10-29 15:25:38,510 level=INFO user=ashish role=Standard msg=logged in 
2024-10-30 05:08:19,466 level=INFO user=nisha role=Standard msg=logged in 
2024-10-30 05:39:16,300 level=INFO user=nisha role=Standard msg=logged in 
2024-10-30 05:39:16,406 level=INFO user=nisha role=Standard msg=logged in 
2024-10-30 05:39:16,420 level=INFO user=nisha role=Standard msg=logged in 
2024-10-30 07:28:12,322 level=INFO user=nisha role=Standard msg=logged in 
2024-10-30 09:33:11,837 level=INFO user=nisha role=Standard msg=logged in 
2024-10-30 09:34:20,459 level=INFO user=ashish role=Standard msg=logged in 
2024-10-30 09:34:20,612 level=INFO user=ashish role=Standard msg=logged in 
2024-10-30 09:34:20,641 level=INFO user=ashish role=Standard msg=logged in 
2024-10-30 09:48:15,986 level=INFO user=ashish role=Standard msg=logged in 
2024-10-30 09:48:16,143 level=INFO user=ashish role=Standard msg=logged in 
2024-10-30 09:48:16,173 level=INFO user=ashish role=Standard msg=logged in 
2024-11-04 08:20:21,731 level=INFO user=nisha role=Standard msg=logged in 
2024-11-04 10:10:35,268 level=INFO user=nisha role=Standard msg=logged in 
2024-11-04 10:38:17,553 level=INFO user=nisha role=Standard msg=logged in 
2024-11-05 05:22:50,640 level=INFO user=nisha role=Standard msg=logged in 
2024-11-05 09:15:13,259 level=INFO user=nisha role=Standard msg=logged in 
2024-11-05 09:55:43,012 level=INFO user=nisha role=Standard msg=logged in 
2024-11-05 10:55:26,470 level=INFO user=nisha role=Standard msg=logged in 
2024-11-05 11:55:13,970 level=INFO user=nisha role=Standard msg=logged in 
2024-11-06 06:45:24,210 level=INFO user=nisha role=Standard msg=logged in 
2024-11-07 01:19:20,465 level=INFO user=ashish role=Standard msg=logged in 
2024-11-07 01:19:20,716 level=INFO user=ashish role=Standard msg=logged in 
2024-11-07 01:19:20,804 level=INFO user=ashish role=Standard msg=logged in 
2024-11-07 04:56:48,512 level=INFO user=nisha role=Standard msg=logged in 
2024-11-07 05:36:15,554 level=INFO user=ashish role=Standard msg=logged in 
2024-11-07 06:04:44,153 level=INFO user=nisha role=Standard msg=logged in 
2024-11-07 10:38:05,914 level=INFO user=nisha role=Standard msg=logged in 
